<?xml version="1.0" encoding="UTF-8"?>
<testsuite xmlns:xsi="http://www.w3.org/2001/XMLSchema-instance" xsi:noNamespaceSchemaLocation="https://maven.apache.org/surefire/maven-surefire-plugin/xsd/surefire-test-report.xsd" version="3.0.2" name="com.codegames.renaissancecoders.DemoApplicationTests" time="6.605" tests="1" errors="0" skipped="0" failures="0">
  <properties>
[...]
</properties>
  <testcase name="contextLoads" classname="com.codegames.renaissancecoders.DemoApplicationTests" time="3.985">
    <system-out><![CDATA[08:35:48.221 [main] INFO org.springframework.test.context.support.AnnotationConfigContextLoaderUtils -- Could not detect default configuration classes for test class [com.codegames.renaissancecoders.DemoApplicationTests]: DemoApplicationTests does not declare any static, non-private, non-final, nested classes annotated with @Configuration.
08:35:48.316 [main] INFO org.springframework.boot.test.context.SpringBootTestContextBootstrapper -- Found @SpringBootConfiguration com.codegames.renaissancecoders.DemoApplication for test class com.codegames.renaissancecoders.DemoApplicationTests
08:35:48.467 [main] INFO org.springframework.boot.devtools.restart.RestartApplicationListener -- Restart disabled due to context in which it is running

  .   ____          _            __ _ _
 /\\ / ___'_ __ _ _(_)_ __  __ _ \ \ \ \
( ( )\___ | '_ | '_| | '_ \/ _` | \ \ \ \
 \\/  ___)| |_)| | | | | || (_| |  ) ) ) )
  '  |____| .__|_| |_|_| |_\__, | / / / /
 =========|_|==============|___/=/_/_/_/

 :: Spring Boot ::                (v3.4.3)

2025-05-06T08:35:48.728Z  INFO 10032 --- [ticktask] [           main] c.c.r.DemoApplicationTests               : Starting DemoApplicationTests using Java 17.0.11 with PID 10032 (started by wk in /home/wk/IdeaProjects/renaissanceCoders2025)
2025-05-06T08:35:48.729Z  INFO 10032 --- [ticktask] [           main] c.c.r.DemoApplicationTests               : No active profile set, falling back to 1 default profile: "default"
2025-05-06T08:35:49.769Z  WARN 10032 --- [ticktask] [           main] trationDelegate$BeanPostProcessorChecker : Bean 'org.springframework.ws.config.annotation.DelegatingWsConfiguration' of type [org.springframework.ws.config.annotation.DelegatingWsConfiguration$$SpringCGLIB$$0] is not eligible for getting processed by all BeanPostProcessors (for example: not eligible for auto-proxying). The currently created BeanPostProcessor [annotationActionEndpointMapping] is declared through a non-static factory method on that class; consider declaring it as static instead.
2025-05-06T08:35:49.795Z  INFO 10032 --- [ticktask] [           main] .w.s.a.s.AnnotationActionEndpointMapping : Supporting [WS-Addressing August 2004, WS-Addressing 1.0]
2025-05-06T08:35:50.591Z  INFO 10032 --- [ticktask] [           main] o.s.b.a.e.web.EndpointLinksResolver      : Exposing 1 endpoint beneath base path '/actuator'
2025-05-06T08:35:50.641Z  INFO 10032 --- [ticktask] [           main] c.c.r.DemoApplicationTests               : Started DemoApplicationTests in 2.191 seconds (process running for 3.103)
Request method:	GET
Request URI:	https://addison.atlassian.net/rest/api/3/issue/CPM-24858
Proxy:			<none>
Request params:	<none>
Query params:	<none>
Form params:	<none>
Path params:	<none>
Headers:		Accept=*/*
				Content-Type=application/json
Cookies:		<none>
Multiparts:		<none>
Body:			<none>
HTTP/1.1 200 OK
Content-Type: application/json
Content-Length: 647
Connection: keep-alive
Date: Tue, 06 May 2025 08:35:54 GMT
server: nginx
strict-transport-security: max-age=31536000; includeSubdomains
cache-control: no-cache, no-store
tempo-request-id: 88a99e7e72f4521ff047b6f8d6dcf34a
X-Cache: Miss from cloudfront
Via: 1.1 8c0041b3598a539d39642d111544edbe.cloudfront.net (CloudFront)
X-Amz-Cf-Pop: BOM78-P11
Alt-Svc: h3=":443"; ma=86400
X-Amz-Cf-Id: KYXmhstQAO8-ZgkjqpwKTv0u_bGZTjSznT49D-IfkzbH5d4qNnKTnQ==
X-XSS-Protection: 1; mode=block
X-Frame-Options: SAMEORIGIN
Referrer-Policy: strict-origin-when-cross-origin
X-Content-Type-Options: nosniff

{
    "self": "https://api.eu.tempo.io/4/worklogs/338888",
    "tempoWorklogId": 338888,
    "issue": {
        "self": "https://addison.atlassian.net/rest/api/2/issue/212605",
        "id": 212605
    },
    "timeSpentSeconds": 3600,
    "billableSeconds": 3600,
    "startDate": "2025-05-06",
    "startTime": "00:00:00",
    "startDateTimeUtc": "2025-05-06T00:00:00Z",
    "description": "Test Tempo through API",
    "createdAt": "2025-05-06T08:35:54Z",
    "updatedAt": "2025-05-06T08:35:54Z",
    "author": {
        "self": "https://addison.atlassian.net/rest/api/2/user?accountId=606d709e126db9006f1554d5",
        "accountId": "606d709e126db9006f1554d5"
    },
    "attributes": {
        "self": "https://api.eu.tempo.io/4/worklogs/338888/work-attribute-values",
        "values": [
            
        ]
    }
}
]]></system-out>
  </testcase>
</testsuite>